

================================================================
== Vivado HLS Report for 'convolution'
================================================================
* Date:           Sat Dec 28 23:22:40 2019

* Version:        2017.4 (Build 2086221 on Fri Dec 15 21:13:33 MST 2017)
* Project:        edge_prj
* Solution:       solution1
* Product family: zynquplus
* Target device:  xczu7ev-ffvc1156-2-i


================================================================
== Performance Estimates
================================================================
+ Timing (ns): 
    * Summary: 
    +--------+-------+----------+------------+
    |  Clock | Target| Estimated| Uncertainty|
    +--------+-------+----------+------------+
    |ap_clk  |  10.00|      5.77|        0.13|
    +--------+-------+----------+------------+

+ Latency (clock cycles): 
    * Summary: 
    +-----+-----+-----+-----+---------+
    |  Latency  |  Interval | Pipeline|
    | min | max | min | max |   Type  |
    +-----+-----+-----+-----+---------+
    |   25|   25|   25|   25|   none  |
    +-----+-----+-----+-----+---------+

    + Detail: 
        * Instance: 
        N/A

        * Loop: 
        +-----------------------+-----+-----+----------+-----------+-----------+------+----------+
        |                       |  Latency  | Iteration|  Initiation Interval  | Trip |          |
        |       Loop Name       | min | max |  Latency |  achieved |   target  | Count| Pipelined|
        +-----------------------+-----+-----+----------+-----------+-----------+------+----------+
        |- convolution_label5   |   24|   24|         8|          -|          -|     3|    no    |
        | + convolution_label6  |    6|    6|         2|          -|          -|     3|    no    |
        +-----------------------+-----+-----+----------+-----------+-----------+------+----------+



================================================================
== Utilization Estimates
================================================================
* Summary: 
+-----------------+---------+-------+--------+--------+-----+
|       Name      | BRAM_18K| DSP48E|   FF   |   LUT  | URAM|
+-----------------+---------+-------+--------+--------+-----+
|DSP              |        -|      -|       -|       -|    -|
|Expression       |        -|      3|       0|     123|    -|
|FIFO             |        -|      -|       -|       -|    -|
|Instance         |        -|      -|       -|       -|    -|
|Memory           |        -|      -|       -|       -|    -|
|Multiplexer      |        -|      -|       -|      54|    -|
|Register         |        -|      -|      49|       -|    -|
+-----------------+---------+-------+--------+--------+-----+
|Total            |        0|      3|      49|     177|    0|
+-----------------+---------+-------+--------+--------+-----+
|Available        |      624|   1728|  460800|  230400|   96|
+-----------------+---------+-------+--------+--------+-----+
|Utilization (%)  |        0|   ~0  |   ~0   |   ~0   |    0|
+-----------------+---------+-------+--------+--------+-----+

+ Detail: 
    * Instance: 
    N/A

    * DSP48: 
    N/A

    * Memory: 
    N/A

    * FIFO: 
    N/A

    * Expression: 
    +--------------------+----------+-------+---+----+------------+------------+
    |    Variable Name   | Operation| DSP48E| FF| LUT| Bitwidth P0| Bitwidth P1|
    +--------------------+----------+-------+---+----+------------+------------+
    |tmp_19_fu_155_p2    |     *    |      3|  0|  20|          32|          32|
    |i_2_fu_100_p2       |     +    |      0|  0|   9|           2|           1|
    |j_2_fu_134_p2       |     +    |      0|  0|   9|           2|           1|
    |tmp_s_fu_140_p2     |     +    |      0|  0|  15|           5|           5|
    |value_2_fu_161_p2   |     +    |      0|  0|  39|          32|          32|
    |tmp_fu_118_p2       |     -    |      0|  0|  15|           5|           5|
    |exitcond1_fu_94_p2  |   icmp   |      0|  0|   8|           2|           2|
    |exitcond_fu_128_p2  |   icmp   |      0|  0|   8|           2|           2|
    +--------------------+----------+-------+---+----+------------+------------+
    |Total               |          |      3|  0| 123|          82|          80|
    +--------------------+----------+-------+---+----+------------+------------+

    * Multiplexer: 
    +-------------+----+-----------+-----+-----------+
    |     Name    | LUT| Input Size| Bits| Total Bits|
    +-------------+----+-----------+-----+-----------+
    |ap_NS_fsm    |  27|          5|    1|          5|
    |i_reg_60     |   9|          2|    2|          4|
    |j_reg_71     |   9|          2|    2|          4|
    |value_fu_32  |   9|          2|   32|         64|
    +-------------+----+-----------+-----+-----------+
    |Total        |  54|         11|   37|         77|
    +-------------+----+-----------+-----+-----------+

    * Register: 
    +-------------+----+----+-----+-----------+
    |     Name    | FF | LUT| Bits| Const Bits|
    +-------------+----+----+-----+-----------+
    |ap_CS_fsm    |   4|   0|    4|          0|
    |i_2_reg_182  |   2|   0|    2|          0|
    |i_reg_60     |   2|   0|    2|          0|
    |j_2_reg_195  |   2|   0|    2|          0|
    |j_reg_71     |   2|   0|    2|          0|
    |tmp_reg_187  |   5|   0|    5|          0|
    |value_fu_32  |  32|   0|   32|          0|
    +-------------+----+----+-----+-----------+
    |Total        |  49|   0|   49|          0|
    +-------------+----+----+-----+-----------+



================================================================
== Interface
================================================================
* Summary: 
+------------------+-----+-----+------------+--------------+--------------+
|     RTL Ports    | Dir | Bits|  Protocol  | Source Object|    C Type    |
+------------------+-----+-----+------------+--------------+--------------+
|ap_clk            |  in |    1| ap_ctrl_hs |  convolution | return value |
|ap_rst            |  in |    1| ap_ctrl_hs |  convolution | return value |
|ap_start          |  in |    1| ap_ctrl_hs |  convolution | return value |
|ap_done           | out |    1| ap_ctrl_hs |  convolution | return value |
|ap_idle           | out |    1| ap_ctrl_hs |  convolution | return value |
|ap_ready          | out |    1| ap_ctrl_hs |  convolution | return value |
|ap_return         | out |   32| ap_ctrl_hs |  convolution | return value |
|operatr_address0  | out |    4|  ap_memory |    operatr   |     array    |
|operatr_ce0       | out |    1|  ap_memory |    operatr   |     array    |
|operatr_q0        |  in |   32|  ap_memory |    operatr   |     array    |
|block_r_address0  | out |    4|  ap_memory |    block_r   |     array    |
|block_r_ce0       | out |    1|  ap_memory |    block_r   |     array    |
|block_r_q0        |  in |   32|  ap_memory |    block_r   |     array    |
+------------------+-----+-----+------------+--------------+--------------+

