

================================================================
== Vivado HLS Report for 'convolution'
================================================================
* Date:           Sat Dec 28 23:22:39 2019

* Version:        2017.4 (Build 2086221 on Fri Dec 15 21:13:33 MST 2017)
* Project:        edge_prj
* Solution:       solution1
* Product family: zynquplus
* Target device:  xczu7ev-ffvc1156-2-i


================================================================
== Performance Estimates
================================================================
+ Timing (ns): 
    * Summary: 
    +--------+-------+----------+------------+
    |  Clock | Target| Estimated| Uncertainty|
    +--------+-------+----------+------------+
    |ap_clk  |  10.00|      5.77|        0.13|
    +--------+-------+----------+------------+

+ Latency (clock cycles): 
    * Summary: 
    +-----+-----+-----+-----+---------+
    |  Latency  |  Interval | Pipeline|
    | min | max | min | max |   Type  |
    +-----+-----+-----+-----+---------+
    |   25|   25|   25|   25|   none  |
    +-----+-----+-----+-----+---------+

    + Detail: 
        * Instance: 
        N/A

        * Loop: 
        +-----------------------+-----+-----+----------+-----------+-----------+------+----------+
        |                       |  Latency  | Iteration|  Initiation Interval  | Trip |          |
        |       Loop Name       | min | max |  Latency |  achieved |   target  | Count| Pipelined|
        +-----------------------+-----+-----+----------+-----------+-----------+------+----------+
        |- convolution_label5   |   24|   24|         8|          -|          -|     3|    no    |
        | + convolution_label6  |    6|    6|         2|          -|          -|     3|    no    |
        +-----------------------+-----+-----+----------+-----------+-----------+------+----------+

============================================================
+ Verbose Summary: Synthesis Manager
============================================================
InlineROM: 1
ExposeGlobal: 0
============================================================
+ Verbose Summary: CDFG Model
============================================================
IsTopModel: 0
ResetActiveHigh: 1
IsCombinational: 0
IsDatapathOnly: 0
HasWiredReturn: 1
HasMFsm: 0
HasVarLatency: 1
IsPipeline: 0
IsRtlPipelined: 0
IsInstanceOverlapped: 0
IsDontTouch: 0
HasImplIP: 0
IsGatedGlobalClock: 0


============================================================
+ Verbose Summary: Schedule
============================================================
* Number of FSM states : 4
* Pipeline : 0
* Dataflow Pipeline: 0

* FSM state transitions: 
1 --> 
	2  / true
2 --> 
	3  / (!exitcond1)
3 --> 
	4  / (!exitcond)
	2  / (exitcond)
4 --> 
	3  / true

* FSM state operations: 

 <State 1> : 0.66ns
ST_1 : Operation 5 [1/1] (0.00ns)   --->   "%value = alloca i32"
ST_1 : Operation 6 [1/1] (0.65ns)   --->   "store i32 0, i32* %value"
ST_1 : Operation 7 [1/1] (0.65ns)   --->   "br label %1" [edge_prj/main.c:47]

 <State 2> : 0.80ns
ST_2 : Operation 8 [1/1] (0.00ns)   --->   "%i = phi i2 [ 0, %0 ], [ %i_2, %5 ]"
ST_2 : Operation 9 [1/1] (0.00ns)   --->   "%i_cast3 = zext i2 %i to i5" [edge_prj/main.c:47]
ST_2 : Operation 10 [1/1] (0.44ns)   --->   "%exitcond1 = icmp eq i2 %i, -1" [edge_prj/main.c:47]   --->   Core 25 'Cmp' <Latency = 0> <II = 1> <Delay = 0.44> <FuncUnit> <Opcode : 'icmp'> <InPorts = 2> <OutPorts = 1>
ST_2 : Operation 11 [1/1] (0.00ns)   --->   "%empty = call i32 (...)* @_ssdm_op_SpecLoopTripCount(i64 3, i64 3, i64 3)"
ST_2 : Operation 12 [1/1] (0.54ns)   --->   "%i_2 = add i2 %i, 1" [edge_prj/main.c:47]   --->   Core 14 'AddSub' <Latency = 0> <II = 1> <Delay = 1.01> <FuncUnit> <Opcode : 'add' 'sub'> <InPorts = 2> <OutPorts = 1>
ST_2 : Operation 13 [1/1] (0.00ns)   --->   "br i1 %exitcond1, label %6, label %2" [edge_prj/main.c:47]
ST_2 : Operation 14 [1/1] (0.00ns)   --->   "call void (...)* @_ssdm_op_SpecLoopName([19 x i8]* @p_str4) nounwind" [edge_prj/main.c:48]
ST_2 : Operation 15 [1/1] (0.00ns)   --->   "%tmp_20 = call i32 (...)* @_ssdm_op_SpecRegionBegin([19 x i8]* @p_str4)" [edge_prj/main.c:48]
ST_2 : Operation 16 [1/1] (0.00ns)   --->   "%p_shl = call i4 @_ssdm_op_BitConcatenate.i4.i2.i2(i2 %i, i2 0)" [edge_prj/main.c:49]
ST_2 : Operation 17 [1/1] (0.00ns)   --->   "%p_shl_cast = zext i4 %p_shl to i5" [edge_prj/main.c:49]
ST_2 : Operation 18 [1/1] (0.79ns)   --->   "%tmp = sub i5 %p_shl_cast, %i_cast3" [edge_prj/main.c:49]   --->   Core 14 'AddSub' <Latency = 0> <II = 1> <Delay = 1.01> <FuncUnit> <Opcode : 'add' 'sub'> <InPorts = 2> <OutPorts = 1>
ST_2 : Operation 19 [1/1] (0.65ns)   --->   "br label %3" [edge_prj/main.c:48]
ST_2 : Operation 20 [1/1] (0.00ns)   --->   "%value_load = load i32* %value" [edge_prj/main.c:50]
ST_2 : Operation 21 [1/1] (0.00ns)   --->   "ret i32 %value_load" [edge_prj/main.c:50]

 <State 3> : 1.47ns
ST_3 : Operation 22 [1/1] (0.00ns)   --->   "%j = phi i2 [ 0, %2 ], [ %j_2, %4 ]"
ST_3 : Operation 23 [1/1] (0.00ns)   --->   "%j_cast1 = zext i2 %j to i5" [edge_prj/main.c:48]
ST_3 : Operation 24 [1/1] (0.44ns)   --->   "%exitcond = icmp eq i2 %j, -1" [edge_prj/main.c:48]   --->   Core 25 'Cmp' <Latency = 0> <II = 1> <Delay = 0.44> <FuncUnit> <Opcode : 'icmp'> <InPorts = 2> <OutPorts = 1>
ST_3 : Operation 25 [1/1] (0.00ns)   --->   "%empty_9 = call i32 (...)* @_ssdm_op_SpecLoopTripCount(i64 3, i64 3, i64 3)"
ST_3 : Operation 26 [1/1] (0.54ns)   --->   "%j_2 = add i2 %j, 1" [edge_prj/main.c:48]   --->   Core 14 'AddSub' <Latency = 0> <II = 1> <Delay = 1.01> <FuncUnit> <Opcode : 'add' 'sub'> <InPorts = 2> <OutPorts = 1>
ST_3 : Operation 27 [1/1] (0.00ns)   --->   "br i1 %exitcond, label %5, label %4" [edge_prj/main.c:48]
ST_3 : Operation 28 [1/1] (0.78ns)   --->   "%tmp_s = add i5 %tmp, %j_cast1" [edge_prj/main.c:49]   --->   Core 14 'AddSub' <Latency = 0> <II = 1> <Delay = 1.01> <FuncUnit> <Opcode : 'add' 'sub'> <InPorts = 2> <OutPorts = 1>
ST_3 : Operation 29 [1/1] (0.00ns)   --->   "%tmp_cast = sext i5 %tmp_s to i32" [edge_prj/main.c:49]
ST_3 : Operation 30 [1/1] (0.00ns)   --->   "%tmp_18 = zext i32 %tmp_cast to i64" [edge_prj/main.c:49]
ST_3 : Operation 31 [1/1] (0.00ns)   --->   "%operatr_addr = getelementptr [9 x i32]* %operatr, i64 0, i64 %tmp_18" [edge_prj/main.c:49]
ST_3 : Operation 32 [2/2] (0.67ns)   --->   "%operatr_load = load i32* %operatr_addr, align 4" [edge_prj/main.c:49]   --->   Core 37 'RAM' <Latency = 1> <II = 1> <Delay = 0.67> <Storage> <Opcode : 'load' 'store'> <Ports = 2> <Width = 32> <Depth = 9> <RAM>
ST_3 : Operation 33 [1/1] (0.00ns)   --->   "%block_addr = getelementptr [9 x i32]* %block_r, i64 0, i64 %tmp_18" [edge_prj/main.c:49]
ST_3 : Operation 34 [2/2] (0.67ns)   --->   "%block_load = load i32* %block_addr, align 4" [edge_prj/main.c:49]   --->   Core 37 'RAM' <Latency = 1> <II = 1> <Delay = 0.67> <Storage> <Opcode : 'load' 'store'> <Ports = 2> <Width = 32> <Depth = 9> <RAM>
ST_3 : Operation 35 [1/1] (0.00ns)   --->   "%empty_10 = call i32 (...)* @_ssdm_op_SpecRegionEnd([19 x i8]* @p_str4, i32 %tmp_20)" [edge_prj/main.c:49]
ST_3 : Operation 36 [1/1] (0.00ns)   --->   "br label %1" [edge_prj/main.c:47]

 <State 4> : 5.77ns
ST_4 : Operation 37 [1/1] (0.00ns)   --->   "%value_load_1 = load i32* %value" [edge_prj/main.c:49]
ST_4 : Operation 38 [1/1] (0.00ns)   --->   "call void (...)* @_ssdm_op_SpecLoopName([19 x i8]* @p_str5) nounwind" [edge_prj/main.c:49]
ST_4 : Operation 39 [1/2] (0.67ns)   --->   "%operatr_load = load i32* %operatr_addr, align 4" [edge_prj/main.c:49]   --->   Core 37 'RAM' <Latency = 1> <II = 1> <Delay = 0.67> <Storage> <Opcode : 'load' 'store'> <Ports = 2> <Width = 32> <Depth = 9> <RAM>
ST_4 : Operation 40 [1/2] (0.67ns)   --->   "%block_load = load i32* %block_addr, align 4" [edge_prj/main.c:49]   --->   Core 37 'RAM' <Latency = 1> <II = 1> <Delay = 0.67> <Storage> <Opcode : 'load' 'store'> <Ports = 2> <Width = 32> <Depth = 9> <RAM>
ST_4 : Operation 41 [1/1] (3.42ns)   --->   "%tmp_19 = mul nsw i32 %operatr_load, %block_load" [edge_prj/main.c:49]   --->   Core 16 'Mul' <Latency = 0> <II = 1> <Delay = 3.42> <FuncUnit> <Opcode : 'mul'> <InPorts = 2> <OutPorts = 1>
ST_4 : Operation 42 [1/1] (1.01ns)   --->   "%value_2 = add nsw i32 %tmp_19, %value_load_1" [edge_prj/main.c:49]   --->   Core 14 'AddSub' <Latency = 0> <II = 1> <Delay = 1.01> <FuncUnit> <Opcode : 'add' 'sub'> <InPorts = 2> <OutPorts = 1>
ST_4 : Operation 43 [1/1] (0.65ns)   --->   "store i32 %value_2, i32* %value" [edge_prj/main.c:49]
ST_4 : Operation 44 [1/1] (0.00ns)   --->   "br label %3" [edge_prj/main.c:48]


============================================================
+ Verbose Summary: Timing violations
============================================================
Target clock period: 10ns, clock uncertainty: 0.125ns.

 <State 1>: 0.656ns
The critical path consists of the following:
	'alloca' operation ('value') [3]  (0 ns)
	'store' operation of constant 0 on local variable 'value' [4]  (0.656 ns)

 <State 2>: 0.797ns
The critical path consists of the following:
	'phi' operation ('i') with incoming values : ('i', edge_prj/main.c:47) [7]  (0 ns)
	'sub' operation ('tmp', edge_prj/main.c:49) [18]  (0.797 ns)

 <State 3>: 1.47ns
The critical path consists of the following:
	'phi' operation ('j') with incoming values : ('j', edge_prj/main.c:48) [21]  (0 ns)
	'add' operation ('tmp_s', edge_prj/main.c:49) [30]  (0.789 ns)
	'getelementptr' operation ('operatr_addr', edge_prj/main.c:49) [33]  (0 ns)
	'load' operation ('operatr_load', edge_prj/main.c:49) on array 'operatr' [34]  (0.677 ns)

 <State 4>: 5.77ns
The critical path consists of the following:
	'load' operation ('operatr_load', edge_prj/main.c:49) on array 'operatr' [34]  (0.677 ns)
	'mul' operation ('tmp_19', edge_prj/main.c:49) [37]  (3.42 ns)
	'add' operation ('value', edge_prj/main.c:49) [38]  (1.02 ns)
	'store' operation (edge_prj/main.c:49) of variable 'value', edge_prj/main.c:49 on local variable 'value' [39]  (0.656 ns)


============================================================
+ Verbose Summary: Binding
============================================================
N/A
* FSMD analyzer results:
  - Output states:
 - Input state : 
  - Chain level:
	State 1
	State 2
	State 3
	State 4


============================================================
+ Verbose Summary: Datapath Resource usage 
============================================================
N/A
