INFO: [SIM 2] *************** CSIM start ***************
INFO: [SIM 4] CSIM will launch GCC as the compiler.
   Compiling(apcc) ../../../test.c in debug mode
INFO: [HLS 200-10] Running 'e:/vivado174/Vivado/2017.4/bin/unwrapped/win64.o/apcc.exe'
INFO: [HLS 200-10] For user 'yan' on host 'yan-pc' (Windows NT_amd64 version 6.1) on Fri Dec 27 17:08:56 +0800 2019
INFO: [HLS 200-10] In directory 'F:/0yan/fpga/HLS/edge_prj/solution1/csim/build'
../../../test.c:6:1: warning: return type of 'main' is not 'int' [-Wmain-return-type]
void  main()
^
1 warning generated.
../../../test.c:6:1: warning: return type of 'main' is not 'int' [-Wmain-return-type]
void  main()
^
1 warning generated.
INFO: [APCC 202-3] Tmp directory is apcc_db
INFO: [APCC 202-1] APCC is done.
   Compiling(apcc) ../../../main.c in debug mode
INFO: [HLS 200-10] Running 'e:/vivado174/Vivado/2017.4/bin/unwrapped/win64.o/apcc.exe'
INFO: [HLS 200-10] For user 'yan' on host 'yan-pc' (Windows NT_amd64 version 6.1) on Fri Dec 27 17:09:02 +0800 2019
INFO: [HLS 200-10] In directory 'F:/0yan/fpga/HLS/edge_prj/solution1/csim/build'
INFO: [APCC 202-3] Tmp directory is apcc_db
INFO: [APCC 202-1] APCC is done.
   Generating csim.exe
INFO: [SIM 1] CSim done with 0 errors.
INFO: [SIM 3] *************** CSIM finish ***************
